# JRE version: Java(TM) SE Runtime Environment (17.0.2+8) (build 17.0.2+8-LTS-86)
# Java VM: Java HotSpot(TM) 64-Bit Server VM (17.0.2+8-LTS-86, mixed mode, sharing, tiered, compressed oops, compressed class ptrs, g1 gc, windows-amd64)
GC Precious Log:
 CPUs: 22 total, 22 available
 Memory: 49148M
 Large Page Support: Disabled
 NUMA Support: Disabled
 Compressed Oops: Enabled (Zero based)
 Heap Region Size: 8M
 Heap Min Capacity: 8M
 Heap Initial Capacity: 768M
 Heap Max Capacity: 12G
 Pre-touch: Disabled
 Parallel Workers: 16
 Concurrent Workers: 4
 Concurrent Refinement Workers: 16
 Periodic GC: Disabled
Heap:
 garbage-first heap   total 1376256K, used 666494K [0x0000000500000000, 0x0000000800000000)
  region size 8192K, 81 young (663552K), 1 survivors (8192K)
 Metaspace       used 20918K, committed 21248K, reserved 1073152K
  class space    used 2158K, committed 2304K, reserved 1048576K
GC Heap History (20 events):
Event: 48.455 GC heap before
{Heap before GC invocations=111 (full 0):
 garbage-first heap   total 1376256K, used 830151K [0x0000000500000000, 0x0000000800000000)
  region size 8192K, 100 young (819200K), 1 survivors (8192K)
 Metaspace       used 20861K, committed 21120K, reserved 1073152K
  class space    used 2150K, committed 2304K, reserved 1048576K
}
Event: 48.457 GC heap after
{Heap after GC invocations=112 (full 0):
 garbage-first heap   total 1376256K, used 19171K [0x0000000500000000, 0x0000000800000000)
  region size 8192K, 1 young (8192K), 1 survivors (8192K)
 Metaspace       used 20861K, committed 21120K, reserved 1073152K
  class space    used 2150K, committed 2304K, reserved 1048576K
}
Event: 48.865 GC heap before
{Heap before GC invocations=112 (full 0):
 garbage-first heap   total 1376256K, used 830179K [0x0000000500000000, 0x0000000800000000)
  region size 8192K, 100 young (819200K), 1 survivors (8192K)
 Metaspace       used 20861K, committed 21120K, reserved 1073152K
  class space    used 2150K, committed 2304K, reserved 1048576K
}
Event: 48.869 GC heap after
{Heap after GC invocations=113 (full 0):
 garbage-first heap   total 1376256K, used 19179K [0x0000000500000000, 0x0000000800000000)
  region size 8192K, 1 young (8192K), 1 survivors (8192K)
 Metaspace       used 20861K, committed 21120K, reserved 1073152K
  class space    used 2150K, committed 2304K, reserved 1048576K
}
Event: 49.272 GC heap before
{Heap before GC invocations=113 (full 0):
 garbage-first heap   total 1376256K, used 830187K [0x0000000500000000, 0x0000000800000000)
  region size 8192K, 100 young (819200K), 1 survivors (8192K)
 Metaspace       used 20861K, committed 21120K, reserved 1073152K
  class space    used 2150K, committed 2304K, reserved 1048576K
}
Event: 49.274 GC heap after
{Heap after GC invocations=114 (full 0):
 garbage-first heap   total 1376256K, used 19205K [0x0000000500000000, 0x0000000800000000)
  region size 8192K, 1 young (8192K), 1 survivors (8192K)
 Metaspace       used 20861K, committed 21120K, reserved 1073152K
  class space    used 2150K, committed 2304K, reserved 1048576K
}
Event: 49.658 GC heap before
{Heap before GC invocations=114 (full 0):
 garbage-first heap   total 1376256K, used 830213K [0x0000000500000000, 0x0000000800000000)
  region size 8192K, 100 young (819200K), 1 survivors (8192K)
 Metaspace       used 20861K, committed 21120K, reserved 1073152K
  class space    used 2150K, committed 2304K, reserved 1048576K
}
Event: 49.660 GC heap after
{Heap after GC invocations=115 (full 0):
 garbage-first heap   total 1376256K, used 19217K [0x0000000500000000, 0x0000000800000000)
  region size 8192K, 1 young (8192K), 1 survivors (8192K)
 Metaspace       used 20861K, committed 21120K, reserved 1073152K
  class space    used 2150K, committed 2304K, reserved 1048576K
}
Event: 50.053 GC heap before
{Heap before GC invocations=115 (full 0):
 garbage-first heap   total 1376256K, used 830225K [0x0000000500000000, 0x0000000800000000)
  region size 8192K, 100 young (819200K), 1 survivors (8192K)
 Metaspace       used 20861K, committed 21120K, reserved 1073152K
  class space    used 2150K, committed 2304K, reserved 1048576K
}
Event: 50.055 GC heap after
{Heap after GC invocations=116 (full 0):
 garbage-first heap   total 1376256K, used 19228K [0x0000000500000000, 0x0000000800000000)
  region size 8192K, 1 young (8192K), 1 survivors (8192K)
 Metaspace       used 20861K, committed 21120K, reserved 1073152K
  class space    used 2150K, committed 2304K, reserved 1048576K
}
Event: 50.467 GC heap before
{Heap before GC invocations=116 (full 0):
 garbage-first heap   total 1376256K, used 830236K [0x0000000500000000, 0x0000000800000000)
  region size 8192K, 100 young (819200K), 1 survivors (8192K)
 Metaspace       used 20861K, committed 21120K, reserved 1073152K
  class space    used 2150K, committed 2304K, reserved 1048576K
}
Event: 50.470 GC heap after
{Heap after GC invocations=117 (full 0):
 garbage-first heap   total 1376256K, used 19250K [0x0000000500000000, 0x0000000800000000)
  region size 8192K, 1 young (8192K), 1 survivors (8192K)
 Metaspace       used 20861K, committed 21120K, reserved 1073152K
  class space    used 2150K, committed 2304K, reserved 1048576K
}
Event: 50.886 GC heap before
{Heap before GC invocations=117 (full 0):
 garbage-first heap   total 1376256K, used 830258K [0x0000000500000000, 0x0000000800000000)
  region size 8192K, 100 young (819200K), 1 survivors (8192K)
 Metaspace       used 20861K, committed 21120K, reserved 1073152K
  class space    used 2150K, committed 2304K, reserved 1048576K
}
Event: 50.888 GC heap after
{Heap after GC invocations=118 (full 0):
 garbage-first heap   total 1376256K, used 19275K [0x0000000500000000, 0x0000000800000000)
  region size 8192K, 1 young (8192K), 1 survivors (8192K)
 Metaspace       used 20861K, committed 21120K, reserved 1073152K
  class space    used 2150K, committed 2304K, reserved 1048576K
}
Event: 51.315 GC heap before
{Heap before GC invocations=118 (full 0):
 garbage-first heap   total 1376256K, used 830283K [0x0000000500000000, 0x0000000800000000)
  region size 8192K, 100 young (819200K), 1 survivors (8192K)
 Metaspace       used 20861K, committed 21120K, reserved 1073152K
  class space    used 2150K, committed 2304K, reserved 1048576K
}
Event: 51.318 GC heap after
{Heap after GC invocations=119 (full 0):
 garbage-first heap   total 1376256K, used 19295K [0x0000000500000000, 0x0000000800000000)
  region size 8192K, 1 young (8192K), 1 survivors (8192K)
 Metaspace       used 20861K, committed 21120K, reserved 1073152K
  class space    used 2150K, committed 2304K, reserved 1048576K
}
Event: 51.717 GC heap before
{Heap before GC invocations=119 (full 0):
 garbage-first heap   total 1376256K, used 830303K [0x0000000500000000, 0x0000000800000000)
  region size 8192K, 100 young (819200K), 1 survivors (8192K)
 Metaspace       used 20862K, committed 21120K, reserved 1073152K
  class space    used 2150K, committed 2304K, reserved 1048576K
}
Event: 51.719 GC heap after
{Heap after GC invocations=120 (full 0):
 garbage-first heap   total 1376256K, used 19316K [0x0000000500000000, 0x0000000800000000)
  region size 8192K, 1 young (8192K), 1 survivors (8192K)
 Metaspace       used 20862K, committed 21120K, reserved 1073152K
  class space    used 2150K, committed 2304K, reserved 1048576K
}
Event: 52.121 GC heap before
{Heap before GC invocations=120 (full 0):
 garbage-first heap   total 1376256K, used 830324K [0x0000000500000000, 0x0000000800000000)
  region size 8192K, 100 young (819200K), 1 survivors (8192K)
 Metaspace       used 20863K, committed 21120K, reserved 1073152K
  class space    used 2150K, committed 2304K, reserved 1048576K
}
Event: 52.123 GC heap after
{Heap after GC invocations=121 (full 0):
 garbage-first heap   total 1376256K, used 19326K [0x0000000500000000, 0x0000000800000000)
  region size 8192K, 1 young (8192K), 1 survivors (8192K)
 Metaspace       used 20863K, committed 21120K, reserved 1073152K
  class space    used 2150K, committed 2304K, reserved 1048576K
}

